<?xml version="1.0" encoding="UTF-8"?>
<testng-results skipped="0" failed="0" ignored="0" total="1" passed="1">
  <reporter-output>
  </reporter-output>
  <suite name="Default suite" duration-ms="207300" started-at="2019-06-07T16:59:24Z" finished-at="2019-06-07T17:02:51Z">
    <groups>
    </groups>
    <test name="Default test" duration-ms="207300" started-at="2019-06-07T16:59:24Z" finished-at="2019-06-07T17:02:51Z">
      <class name="scenario.Scenario11">
        <test-method status="PASS" signature="test11()[pri:0, instance:scenario.Scenario11@77cd7a0]" name="test11" duration-ms="207258" started-at="2019-06-07T16:59:24Z" finished-at="2019-06-07T17:02:51Z">
          <reporter-output>
          </reporter-output>
        </test-method> <!-- test11 -->
      </class> <!-- scenario.Scenario11 -->
    </test> <!-- Default test -->
  </suite> <!-- Default suite -->
</testng-results>
